Thu, 29 Feb 2024 06:05:06 GMT express-session deprecated undefined resave option; provide resave option at app.js:30:3
Thu, 29 Feb 2024 06:05:06 GMT express-session deprecated undefined saveUninitialized option; provide saveUninitialized option at app.js:30:3
Thu, 29 Feb 2024 06:05:06 GMT express-session deprecated undefined resave option; provide resave option at app.js:30:3
Thu, 29 Feb 2024 06:05:06 GMT express-session deprecated undefined saveUninitialized option; provide saveUninitialized option at app.js:30:3
Thu, 29 Feb 2024 06:05:07 GMT express-session deprecated undefined resave option; provide resave option at app.js:30:3
Thu, 29 Feb 2024 06:05:07 GMT express-session deprecated undefined saveUninitialized option; provide saveUninitialized option at app.js:30:3
Thu, 29 Feb 2024 06:05:07 GMT express-session deprecated undefined resave option; provide resave option at app.js:30:3
Thu, 29 Feb 2024 06:05:07 GMT express-session deprecated undefined saveUninitialized option; provide saveUninitialized option at app.js:30:3
Thu, 29 Feb 2024 06:05:07 GMT express-session deprecated undefined resave option; provide resave option at app.js:30:3
Thu, 29 Feb 2024 06:05:07 GMT express-session deprecated undefined saveUninitialized option; provide saveUninitialized option at app.js:30:3
Thu, 29 Feb 2024 06:05:08 GMT express-session deprecated undefined resave option; provide resave option at app.js:30:3
Thu, 29 Feb 2024 06:05:08 GMT express-session deprecated undefined saveUninitialized option; provide saveUninitialized option at app.js:30:3
Thu, 29 Feb 2024 06:05:09 GMT express-session deprecated undefined resave option; provide resave option at app.js:30:3
Thu, 29 Feb 2024 06:05:09 GMT express-session deprecated undefined saveUninitialized option; provide saveUninitialized option at app.js:30:3
Thu, 29 Feb 2024 06:05:09 GMT express-session deprecated undefined resave option; provide resave option at app.js:30:3
Thu, 29 Feb 2024 06:05:09 GMT express-session deprecated undefined saveUninitialized option; provide saveUninitialized option at app.js:30:3
Thu, 29 Feb 2024 06:05:10 GMT express-session deprecated undefined resave option; provide resave option at app.js:30:3
Thu, 29 Feb 2024 06:05:10 GMT express-session deprecated undefined saveUninitialized option; provide saveUninitialized option at app.js:30:3
Thu, 29 Feb 2024 06:05:10 GMT express-session deprecated undefined resave option; provide resave option at app.js:30:3
Thu, 29 Feb 2024 06:05:10 GMT express-session deprecated undefined saveUninitialized option; provide saveUninitialized option at app.js:30:3
Thu, 29 Feb 2024 06:05:10 GMT express-session deprecated undefined resave option; provide resave option at app.js:30:3
Thu, 29 Feb 2024 06:05:10 GMT express-session deprecated undefined saveUninitialized option; provide saveUninitialized option at app.js:30:3
Thu, 29 Feb 2024 06:05:11 GMT express-session deprecated undefined resave option; provide resave option at app.js:30:3
Thu, 29 Feb 2024 06:05:11 GMT express-session deprecated undefined saveUninitialized option; provide saveUninitialized option at app.js:30:3
Thu, 29 Feb 2024 06:06:15 GMT express-session deprecated undefined resave option; provide resave option at app.js:30:3
Thu, 29 Feb 2024 06:06:15 GMT express-session deprecated undefined saveUninitialized option; provide saveUninitialized option at app.js:30:3
Thu, 29 Feb 2024 06:06:15 GMT express-session deprecated undefined resave option; provide resave option at app.js:30:3
Thu, 29 Feb 2024 06:06:15 GMT express-session deprecated undefined saveUninitialized option; provide saveUninitialized option at app.js:30:3
Thu, 29 Feb 2024 06:06:16 GMT express-session deprecated undefined resave option; provide resave option at app.js:30:3
Thu, 29 Feb 2024 06:06:16 GMT express-session deprecated undefined saveUninitialized option; provide saveUninitialized option at app.js:30:3
Thu, 29 Feb 2024 06:06:15 GMT express-session deprecated undefined resave option; provide resave option at app.js:30:3
Thu, 29 Feb 2024 06:06:15 GMT express-session deprecated undefined saveUninitialized option; provide saveUninitialized option at app.js:30:3
Thu, 29 Feb 2024 06:06:16 GMT express-session deprecated undefined resave option; provide resave option at app.js:30:3
Thu, 29 Feb 2024 06:06:16 GMT express-session deprecated undefined saveUninitialized option; provide saveUninitialized option at app.js:30:3
Thu, 29 Feb 2024 06:06:17 GMT express-session deprecated undefined resave option; provide resave option at app.js:30:3
Thu, 29 Feb 2024 06:06:17 GMT express-session deprecated undefined saveUninitialized option; provide saveUninitialized option at app.js:30:3
Thu, 29 Feb 2024 06:06:17 GMT express-session deprecated undefined resave option; provide resave option at app.js:30:3
Thu, 29 Feb 2024 06:06:17 GMT express-session deprecated undefined saveUninitialized option; provide saveUninitialized option at app.js:30:3
Thu, 29 Feb 2024 06:06:18 GMT express-session deprecated undefined resave option; provide resave option at app.js:30:3
Thu, 29 Feb 2024 06:06:18 GMT express-session deprecated undefined saveUninitialized option; provide saveUninitialized option at app.js:30:3
Thu, 29 Feb 2024 06:06:17 GMT express-session deprecated undefined resave option; provide resave option at app.js:30:3
Thu, 29 Feb 2024 06:06:17 GMT express-session deprecated undefined saveUninitialized option; provide saveUninitialized option at app.js:30:3
Thu, 29 Feb 2024 06:06:18 GMT express-session deprecated undefined resave option; provide resave option at app.js:30:3
Thu, 29 Feb 2024 06:06:18 GMT express-session deprecated undefined saveUninitialized option; provide saveUninitialized option at app.js:30:3
Thu, 29 Feb 2024 06:06:18 GMT express-session deprecated undefined resave option; provide resave option at app.js:30:3
Thu, 29 Feb 2024 06:06:18 GMT express-session deprecated undefined saveUninitialized option; provide saveUninitialized option at app.js:30:3
Thu, 29 Feb 2024 06:06:18 GMT express-session deprecated undefined resave option; provide resave option at app.js:30:3
Thu, 29 Feb 2024 06:06:18 GMT express-session deprecated undefined saveUninitialized option; provide saveUninitialized option at app.js:30:3
Thu, 29 Feb 2024 06:29:49 GMT express-session deprecated undefined resave option; provide resave option at app.js:30:3
Thu, 29 Feb 2024 06:29:49 GMT express-session deprecated undefined resave option; provide resave option at app.js:30:3
Thu, 29 Feb 2024 06:29:49 GMT express-session deprecated undefined saveUninitialized option; provide saveUninitialized option at app.js:30:3
Thu, 29 Feb 2024 06:29:49 GMT express-session deprecated undefined saveUninitialized option; provide saveUninitialized option at app.js:30:3
Thu, 29 Feb 2024 06:29:49 GMT express-session deprecated undefined resave option; provide resave option at app.js:30:3
Thu, 29 Feb 2024 06:29:49 GMT express-session deprecated undefined saveUninitialized option; provide saveUninitialized option at app.js:30:3
Thu, 29 Feb 2024 06:29:49 GMT express-session deprecated undefined resave option; provide resave option at app.js:30:3
Thu, 29 Feb 2024 06:29:49 GMT express-session deprecated undefined saveUninitialized option; provide saveUninitialized option at app.js:30:3
Thu, 29 Feb 2024 06:29:50 GMT express-session deprecated undefined resave option; provide resave option at app.js:30:3
Thu, 29 Feb 2024 06:29:50 GMT express-session deprecated undefined saveUninitialized option; provide saveUninitialized option at app.js:30:3
Thu, 29 Feb 2024 06:29:50 GMT express-session deprecated undefined resave option; provide resave option at app.js:30:3
Thu, 29 Feb 2024 06:29:50 GMT express-session deprecated undefined saveUninitialized option; provide saveUninitialized option at app.js:30:3
Thu, 29 Feb 2024 06:29:50 GMT express-session deprecated undefined resave option; provide resave option at app.js:30:3
Thu, 29 Feb 2024 06:29:50 GMT express-session deprecated undefined saveUninitialized option; provide saveUninitialized option at app.js:30:3
Thu, 29 Feb 2024 06:29:50 GMT express-session deprecated undefined resave option; provide resave option at app.js:30:3
Thu, 29 Feb 2024 06:29:50 GMT express-session deprecated undefined saveUninitialized option; provide saveUninitialized option at app.js:30:3
Thu, 29 Feb 2024 06:29:51 GMT express-session deprecated undefined resave option; provide resave option at app.js:30:3
Thu, 29 Feb 2024 06:29:51 GMT express-session deprecated undefined saveUninitialized option; provide saveUninitialized option at app.js:30:3
Thu, 29 Feb 2024 06:29:51 GMT express-session deprecated undefined resave option; provide resave option at app.js:30:3
Thu, 29 Feb 2024 06:29:51 GMT express-session deprecated undefined saveUninitialized option; provide saveUninitialized option at app.js:30:3
Thu, 29 Feb 2024 06:29:51 GMT express-session deprecated undefined resave option; provide resave option at app.js:30:3
Thu, 29 Feb 2024 06:29:51 GMT express-session deprecated undefined saveUninitialized option; provide saveUninitialized option at app.js:30:3
Thu, 29 Feb 2024 06:29:52 GMT express-session deprecated undefined resave option; provide resave option at app.js:30:3
Thu, 29 Feb 2024 06:29:52 GMT express-session deprecated undefined saveUninitialized option; provide saveUninitialized option at app.js:30:3
Thu, 29 Feb 2024 07:01:47 GMT express-session deprecated undefined resave option; provide resave option at app.js:30:3
Thu, 29 Feb 2024 07:01:47 GMT express-session deprecated undefined saveUninitialized option; provide saveUninitialized option at app.js:30:3
Thu, 29 Feb 2024 07:01:47 GMT express-session deprecated undefined resave option; provide resave option at app.js:30:3
Thu, 29 Feb 2024 07:01:47 GMT express-session deprecated undefined saveUninitialized option; provide saveUninitialized option at app.js:30:3
Thu, 29 Feb 2024 07:01:47 GMT express-session deprecated undefined resave option; provide resave option at app.js:30:3
Thu, 29 Feb 2024 07:01:47 GMT express-session deprecated undefined saveUninitialized option; provide saveUninitialized option at app.js:30:3
Thu, 29 Feb 2024 07:01:48 GMT express-session deprecated undefined resave option; provide resave option at app.js:30:3
Thu, 29 Feb 2024 07:01:48 GMT express-session deprecated undefined saveUninitialized option; provide saveUninitialized option at app.js:30:3
Thu, 29 Feb 2024 07:01:49 GMT express-session deprecated undefined resave option; provide resave option at app.js:30:3
Thu, 29 Feb 2024 07:01:49 GMT express-session deprecated undefined saveUninitialized option; provide saveUninitialized option at app.js:30:3
Thu, 29 Feb 2024 07:01:49 GMT express-session deprecated undefined resave option; provide resave option at app.js:30:3
Thu, 29 Feb 2024 07:01:49 GMT express-session deprecated undefined saveUninitialized option; provide saveUninitialized option at app.js:30:3
Thu, 29 Feb 2024 07:01:50 GMT express-session deprecated undefined resave option; provide resave option at app.js:30:3
Thu, 29 Feb 2024 07:01:50 GMT express-session deprecated undefined saveUninitialized option; provide saveUninitialized option at app.js:30:3
Thu, 29 Feb 2024 07:01:51 GMT express-session deprecated undefined resave option; provide resave option at app.js:30:3
Thu, 29 Feb 2024 07:01:51 GMT express-session deprecated undefined saveUninitialized option; provide saveUninitialized option at app.js:30:3
Thu, 29 Feb 2024 07:01:51 GMT express-session deprecated undefined resave option; provide resave option at app.js:30:3
Thu, 29 Feb 2024 07:01:51 GMT express-session deprecated undefined saveUninitialized option; provide saveUninitialized option at app.js:30:3
Thu, 29 Feb 2024 07:01:52 GMT express-session deprecated undefined resave option; provide resave option at app.js:30:3
Thu, 29 Feb 2024 07:01:52 GMT express-session deprecated undefined saveUninitialized option; provide saveUninitialized option at app.js:30:3
Thu, 29 Feb 2024 07:01:52 GMT express-session deprecated undefined resave option; provide resave option at app.js:30:3
Thu, 29 Feb 2024 07:01:53 GMT express-session deprecated undefined saveUninitialized option; provide saveUninitialized option at app.js:30:3
Thu, 29 Feb 2024 07:01:53 GMT express-session deprecated undefined resave option; provide resave option at app.js:30:3
Thu, 29 Feb 2024 07:01:53 GMT express-session deprecated undefined saveUninitialized option; provide saveUninitialized option at app.js:30:3
SequelizeConnectionRefusedError: connect ECONNREFUSED 127.0.0.1:5432
    at Client._connectionCallback (D:\Repositories\todo-401\node_modules\sequelize\lib\dialects\postgres\connection-manager.js:130:24)
    at Client._handleErrorWhileConnecting (D:\Repositories\todo-401\node_modules\pg\lib\client.js:305:19)
    at Client._handleErrorEvent (D:\Repositories\todo-401\node_modules\pg\lib\client.js:315:19)
    at Connection.emit (node:events:514:28)
    at Socket.reportStreamError (D:\Repositories\todo-401\node_modules\pg\lib\connection.js:52:12)
    at Socket.emit (node:events:514:28)
    at emitErrorNT (node:internal/streams/destroy:151:8)
    at emitErrorCloseNT (node:internal/streams/destroy:116:3)
    at process.processTicksAndRejections (node:internal/process/task_queues:82:21)
SequelizeConnectionRefusedError: connect ECONNREFUSED 127.0.0.1:5432
    at Client._connectionCallback (D:\Repositories\todo-401\node_modules\sequelize\lib\dialects\postgres\connection-manager.js:130:24)
    at Client._handleErrorWhileConnecting (D:\Repositories\todo-401\node_modules\pg\lib\client.js:305:19)
    at Client._handleErrorEvent (D:\Repositories\todo-401\node_modules\pg\lib\client.js:315:19)
    at Connection.emit (node:events:514:28)
    at Socket.reportStreamError (D:\Repositories\todo-401\node_modules\pg\lib\connection.js:52:12)
    at Socket.emit (node:events:514:28)
    at emitErrorNT (node:internal/streams/destroy:151:8)
    at emitErrorCloseNT (node:internal/streams/destroy:116:3)
    at process.processTicksAndRejections (node:internal/process/task_queues:82:21)
